<?xml version="1.0" encoding="UTF-8"?>
<!-- Generated by org.testng.reporters.JUnitReportReporter -->
<testsuite hostname="DESKTOP-9TGCDAS" failures="0" tests="1" name="com.Varthana.Flipkart.mainTestt" time="21.360" errors="0" timestamp="2024-02-10T09:43:34 IST" skipped="0">
  <testcase classname="com.Varthana.Flipkart.mainTestt" name="buyPhone" time="21.360"/>
  <system-out/>
</testsuite> <!-- com.Varthana.Flipkart.mainTestt -->
